# JRE version: Java(TM) SE Runtime Environment (8.0_73-b02) (build 1.8.0_73-b02)
# Java VM: Java HotSpot(TM) 64-Bit Server VM (25.73-b02 mixed mode bsd-amd64 compressed oops)
Heap:
 PSYoungGen      total 386560K, used 297239K [0x000000076ab00000, 0x0000000789380000, 0x00000007c0000000)
  eden space 360448K, 75% used [0x000000076ab00000,0x000000077b4b1390,0x0000000780b00000)
  from space 26112K, 96% used [0x0000000780b00000,0x0000000782394b58,0x0000000782480000)
  to   space 29184K, 0% used [0x0000000787700000,0x0000000787700000,0x0000000789380000)
 ParOldGen       total 132096K, used 22350K [0x00000006c0000000, 0x00000006c8100000, 0x000000076ab00000)
  object space 132096K, 16% used [0x00000006c0000000,0x00000006c15d3a30,0x00000006c8100000)
 Metaspace       used 23999K, capacity 24648K, committed 24832K, reserved 1071104K
  class space    used 2772K, capacity 2951K, committed 3072K, reserved 1048576K
GC Heap History (10 events):
Event: 4.068 GC heap before
{Heap before GC invocations=10 (full 1):
 PSYoungGen      total 267776K, used 253248K [0x000000076ab00000, 0x0000000781900000, 0x00000007c0000000)
  eden space 247296K, 100% used [0x000000076ab00000,0x0000000779c80000,0x0000000779c80000)
  from space 20480K, 29% used [0x000000077b000000,0x000000077b5d0010,0x000000077c400000)
  to   space 19968K, 0% used [0x0000000779c80000,0x0000000779c80000,0x000000077b000000)
 ParOldGen       total 132096K, used 21140K [0x00000006c0000000, 0x00000006c8100000, 0x000000076ab00000)
  object space 132096K, 16% used [0x00000006c0000000,0x00000006c14a5278,0x00000006c8100000)
 Metaspace       used 23656K, capacity 24294K, committed 24448K, reserved 1071104K
  class space    used 2748K, capacity 2943K, committed 2944K, reserved 1048576K
Event: 4.079 GC heap after
Heap after GC invocations=10 (full 1):
 PSYoungGen      total 267264K, used 17151K [0x000000076ab00000, 0x000000077fb00000, 0x00000007c0000000)
  eden space 247296K, 0% used [0x000000076ab00000,0x000000076ab00000,0x0000000779c80000)
  from space 19968K, 85% used [0x0000000779c80000,0x000000077ad3ff38,0x000000077b000000)
  to   space 22016K, 0% used [0x000000077e580000,0x000000077e580000,0x000000077fb00000)
 ParOldGen       total 132096K, used 21148K [0x00000006c0000000, 0x00000006c8100000, 0x000000076ab00000)
  object space 132096K, 16% used [0x00000006c0000000,0x00000006c14a7278,0x00000006c8100000)
 Metaspace       used 23656K, capacity 24294K, committed 24448K, reserved 1071104K
  class space    used 2748K, capacity 2943K, committed 2944K, reserved 1048576K
}
Event: 4.772 GC heap before
{Heap before GC invocations=11 (full 1):
 PSYoungGen      total 267264K, used 264447K [0x000000076ab00000, 0x000000077fb00000, 0x00000007c0000000)
  eden space 247296K, 100% used [0x000000076ab00000,0x0000000779c80000,0x0000000779c80000)
  from space 19968K, 85% used [0x0000000779c80000,0x000000077ad3ff38,0x000000077b000000)
  to   space 22016K, 0% used [0x000000077e580000,0x000000077e580000,0x000000077fb00000)
 ParOldGen       total 132096K, used 21148K [0x00000006c0000000, 0x00000006c8100000, 0x000000076ab00000)
  object space 132096K, 16% used [0x00000006c0000000,0x00000006c14a7278,0x00000006c8100000)
 Metaspace       used 23656K, capacity 24294K, committed 24448K, reserved 1071104K
  class space    used 2748K, capacity 2943K, committed 2944K, reserved 1048576K
Event: 4.793 GC heap after
Heap after GC invocations=11 (full 1):
 PSYoungGen      total 318976K, used 22002K [0x000000076ab00000, 0x0000000780480000, 0x00000007c0000000)
  eden space 296960K, 0% used [0x000000076ab00000,0x000000076ab00000,0x000000077cd00000)
  from space 22016K, 99% used [0x000000077e580000,0x000000077fafcad8,0x000000077fb00000)
  to   space 25088K, 0% used [0x000000077cd00000,0x000000077cd00000,0x000000077e580000)
 ParOldGen       total 132096K, used 22334K [0x00000006c0000000, 0x00000006c8100000, 0x000000076ab00000)
  object space 132096K, 16% used [0x00000006c0000000,0x00000006c15cfa30,0x00000006c8100000)
 Metaspace       used 23656K, capacity 24294K, committed 24448K, reserved 1071104K
  class space    used 2748K, capacity 2943K, committed 2944K, reserved 1048576K
}
Event: 5.662 GC heap before
{Heap before GC invocations=12 (full 1):
 PSYoungGen      total 318976K, used 318962K [0x000000076ab00000, 0x0000000780480000, 0x00000007c0000000)
  eden space 296960K, 100% used [0x000000076ab00000,0x000000077cd00000,0x000000077cd00000)
  from space 22016K, 99% used [0x000000077e580000,0x000000077fafcad8,0x000000077fb00000)
  to   space 25088K, 0% used [0x000000077cd00000,0x000000077cd00000,0x000000077e580000)
 ParOldGen       total 132096K, used 22334K [0x00000006c0000000, 0x00000006c8100000, 0x000000076ab00000)
  object space 132096K, 16% used [0x00000006c0000000,0x00000006c15cfa30,0x00000006c8100000)
 Metaspace       used 23982K, capacity 24648K, committed 24832K, reserved 1071104K
  class space    used 2772K, capacity 2951K, committed 3072K, reserved 1048576K
Event: 5.674 GC heap after
Heap after GC invocations=12 (full 1):
 PSYoungGen      total 322048K, used 17994K [0x000000076ab00000, 0x0000000783e00000, 0x00000007c0000000)
  eden space 296960K, 0% used [0x000000076ab00000,0x000000076ab00000,0x000000077cd00000)
  from space 25088K, 71% used [0x000000077cd00000,0x000000077de92bd8,0x000000077e580000)
  to   space 26112K, 0% used [0x0000000782480000,0x0000000782480000,0x0000000783e00000)
 ParOldGen       total 132096K, used 22342K [0x00000006c0000000, 0x00000006c8100000, 0x000000076ab00000)
  object space 132096K, 16% used [0x00000006c0000000,0x00000006c15d1a30,0x00000006c8100000)
 Metaspace       used 23982K, capacity 24648K, committed 24832K, reserved 1071104K
  class space    used 2772K, capacity 2951K, committed 3072K, reserved 1048576K
}
Event: 5.851 GC heap before
{Heap before GC invocations=13 (full 1):
 PSYoungGen      total 322048K, used 314954K [0x000000076ab00000, 0x0000000783e00000, 0x00000007c0000000)
  eden space 296960K, 100% used [0x000000076ab00000,0x000000077cd00000,0x000000077cd00000)
  from space 25088K, 71% used [0x000000077cd00000,0x000000077de92bd8,0x000000077e580000)
  to   space 26112K, 0% used [0x0000000782480000,0x0000000782480000,0x0000000783e00000)
 ParOldGen       total 132096K, used 22342K [0x00000006c0000000, 0x00000006c8100000, 0x000000076ab00000)
  object space 132096K, 16% used [0x00000006c0000000,0x00000006c15d1a30,0x00000006c8100000)
 Metaspace       used 23982K, capacity 24648K, committed 24832K, reserved 1071104K
  class space    used 2772K, capacity 2951K, committed 3072K, reserved 1048576K
Event: 5.855 GC heap after
Heap after GC invocations=13 (full 1):
 PSYoungGen      total 386560K, used 6400K [0x000000076ab00000, 0x0000000784080000, 0x00000007c0000000)
  eden space 360448K, 0% used [0x000000076ab00000,0x000000076ab00000,0x0000000780b00000)
  from space 26112K, 24% used [0x0000000782480000,0x0000000782ac0030,0x0000000783e00000)
  to   space 26112K, 0% used [0x0000000780b00000,0x0000000780b00000,0x0000000782480000)
 ParOldGen       total 132096K, used 22350K [0x00000006c0000000, 0x00000006c8100000, 0x000000076ab00000)
  object space 132096K, 16% used [0x00000006c0000000,0x00000006c15d3a30,0x00000006c8100000)
 Metaspace       used 23982K, capacity 24648K, committed 24832K, reserved 1071104K
  class space    used 2772K, capacity 2951K, committed 3072K, reserved 1048576K
}
Event: 6.604 GC heap before
{Heap before GC invocations=14 (full 1):
 PSYoungGen      total 386560K, used 366848K [0x000000076ab00000, 0x0000000784080000, 0x00000007c0000000)
  eden space 360448K, 100% used [0x000000076ab00000,0x0000000780b00000,0x0000000780b00000)
  from space 26112K, 24% used [0x0000000782480000,0x0000000782ac0030,0x0000000783e00000)
  to   space 26112K, 0% used [0x0000000780b00000,0x0000000780b00000,0x0000000782480000)
 ParOldGen       total 132096K, used 22350K [0x00000006c0000000, 0x00000006c8100000, 0x000000076ab00000)
  object space 132096K, 16% used [0x00000006c0000000,0x00000006c15d3a30,0x00000006c8100000)
 Metaspace       used 23991K, capacity 24648K, committed 24832K, reserved 1071104K
  class space    used 2772K, capacity 2951K, committed 3072K, reserved 1048576K
Event: 6.622 GC heap after
Heap after GC invocations=14 (full 1):
 PSYoungGen      total 386560K, used 25170K [0x000000076ab00000, 0x0000000789380000, 0x00000007c0000000)
  eden space 360448K, 0% used [0x000000076ab00000,0x000000076ab00000,0x0000000780b00000)
  from space 26112K, 96% used [0x0000000780b00000,0x0000000782394b58,0x0000000782480000)
  to   space 29184K, 0% used [0x0000000787700000,0x0000000787700000,0x0000000789380000)
 ParOldGen       total 132096K, used 22350K [0x00000006c0000000, 0x00000006c8100000, 0x000000076ab00000)
  object space 132096K, 16% used [0x00000006c0000000,0x00000006c15d3a30,0x00000006c8100000)
 Metaspace       used 23991K, capacity 24648K, committed 24832K, reserved 1071104K
  class space    used 2772K, capacity 2951K, committed 3072K, reserved 1048576K
}

